[debug] [2018-06-28T14:49:55.756Z] ----------------------------------------------------------------------
[debug] [2018-06-28T14:49:55.787Z] Command:       C:\nodejs\node.exe C:\Users\Usuario\AppData\Roaming\npm\node_modules\firebase-tools\bin\firebase serve
[debug] [2018-06-28T14:49:55.788Z] CLI Version:   3.18.6
[debug] [2018-06-28T14:49:55.788Z] Platform:      win32
[debug] [2018-06-28T14:49:55.789Z] Node Version:  v8.11.2
[debug] [2018-06-28T14:49:55.817Z] Time:          Thu Jun 28 2018 11:49:55 GMT-0300 (Hora estándar de Argentina)
[debug] [2018-06-28T14:49:55.818Z] ----------------------------------------------------------------------
[debug] 
[debug] [2018-06-28T14:49:56.125Z] > command requires scopes: ["email","openid","https://www.googleapis.com/auth/cloudplatformprojects.readonly","https://www.googleapis.com/auth/firebase","https://www.googleapis.com/auth/cloud-platform"]
[debug] [2018-06-28T14:49:56.127Z] > authorizing via signed-in user
[debug] [2018-06-28T14:49:56.141Z] > refreshing access token with scopes: ["email","https://www.googleapis.com/auth/cloud-platform","https://www.googleapis.com/auth/cloudplatformprojects.readonly","https://www.googleapis.com/auth/firebase","openid"]
[debug] [2018-06-28T14:49:56.142Z] >>> HTTP REQUEST POST https://www.googleapis.com/oauth2/v3/token  
 { refresh_token: '1/dfkPX8sNmf6wfIb6CupPKNVXTwtmcrwMwMy5SCRFjHQ9nloaxhxZgoDpZQPrnrJO',
  client_id: '563584335869-fgrhgmd47bqnekij5i8b5pr03ho849e6.apps.googleusercontent.com',
  client_secret: 'j9iVZfS8kkCEFUPaAeJV0sAi',
  grant_type: 'refresh_token',
  scope: 'email https://www.googleapis.com/auth/cloud-platform https://www.googleapis.com/auth/cloudplatformprojects.readonly https://www.googleapis.com/auth/firebase openid' } 
 Thu Jun 28 2018 11:49:56 GMT-0300 (Hora estándar de Argentina)
[debug] [2018-06-28T14:49:56.956Z] <<< HTTP RESPONSE 200
[debug] [2018-06-28T14:49:57.033Z] >>> HTTP REQUEST GET https://admin.firebase.com/v1/projects/agilesapp-bf9e7  
  
 Thu Jun 28 2018 11:49:57 GMT-0300 (Hora estándar de Argentina)
[debug] [2018-06-28T14:49:58.542Z] <<< HTTP RESPONSE 200
[debug] [2018-06-28T14:49:58.545Z] >>> HTTP REQUEST GET https://admin.firebase.com/v1/database/agilesapp-bf9e7/tokens  
  
 Thu Jun 28 2018 11:49:58 GMT-0300 (Hora estándar de Argentina)
[debug] [2018-06-28T14:49:59.431Z] <<< HTTP RESPONSE 200
[debug] [2018-06-28T14:49:59.434Z] >>> HTTP REQUEST GET https://cloudresourcemanager.googleapis.com/v1/projects/agilesapp-bf9e7  
  
 Thu Jun 28 2018 11:49:59 GMT-0300 (Hora estándar de Argentina)
[debug] [2018-06-28T14:50:00.724Z] <<< HTTP RESPONSE 200
[info] 
[info] === Serving from 'C:\nodejs\node_modules\app'...
[info] 
[info] i  functions: Preparing to emulate functions.
[debug] [2018-06-28T14:50:15.981Z] Fetching environment
[debug] [2018-06-28T14:50:15.986Z] >>> HTTP REQUEST GET https://mobilesdk-pa.googleapis.com/v1/projects/799460737214:getServerAppConfig  
  
 Thu Jun 28 2018 11:50:15 GMT-0300 (Hora estándar de Argentina)
[debug] [2018-06-28T14:50:15.987Z] >>> HTTP REQUEST GET https://mobilesdk-pa.googleapis.com/v1/projects/799460737214/clients/_:getWebAppConfig  
  
 Thu Jun 28 2018 11:50:15 GMT-0300 (Hora estándar de Argentina)
[debug] [2018-06-28T14:50:16.635Z] <<< HTTP RESPONSE 200
[debug] [2018-06-28T14:50:18.387Z] <<< HTTP RESPONSE 200
[debug] [2018-06-28T14:50:18.388Z] Starting @google-cloud/functions-emulator
[info] i  hosting: Serving hosting files from: public
[info] +  hosting: Local server: http://localhost:5000

[debug] [2018-06-28T14:50:28.357Z] Parsing function triggers
[info] +  functions: app: http://localhost:5001/agilesapp-bf9e7/us-central1/app
[info] [hosting] Rewriting /shop to local function app
[info] [hosting] Rewriting /favicon.ico to local function app
[debug] [2018-06-28T14:53:02.434Z] ----------------------------------------------------------------------
[debug] [2018-06-28T14:53:02.439Z] Command:       C:\nodejs\node.exe C:\Users\Usuario\AppData\Roaming\npm\node_modules\firebase-tools\bin\firebase serve --only functions,hosting
[debug] [2018-06-28T14:53:02.439Z] CLI Version:   3.18.6
[debug] [2018-06-28T14:53:02.439Z] Platform:      win32
[debug] [2018-06-28T14:53:02.439Z] Node Version:  v8.11.2
[debug] [2018-06-28T14:53:02.440Z] Time:          Thu Jun 28 2018 11:53:02 GMT-0300 (Hora estándar de Argentina)
[debug] [2018-06-28T14:53:02.440Z] ----------------------------------------------------------------------
[debug] 
[debug] [2018-06-28T14:53:02.457Z] > command requires scopes: ["email","openid","https://www.googleapis.com/auth/cloudplatformprojects.readonly","https://www.googleapis.com/auth/firebase","https://www.googleapis.com/auth/cloud-platform"]
[debug] [2018-06-28T14:53:02.457Z] > authorizing via signed-in user
[debug] [2018-06-28T14:53:02.460Z] >>> HTTP REQUEST GET https://admin.firebase.com/v1/projects/agilesapp-bf9e7  
  
 Thu Jun 28 2018 11:53:02 GMT-0300 (Hora estándar de Argentina)
[debug] [2018-06-28T14:53:03.456Z] <<< HTTP RESPONSE 200
[debug] [2018-06-28T14:53:03.458Z] >>> HTTP REQUEST GET https://admin.firebase.com/v1/database/agilesapp-bf9e7/tokens  
  
 Thu Jun 28 2018 11:53:03 GMT-0300 (Hora estándar de Argentina)
[debug] [2018-06-28T14:53:04.295Z] <<< HTTP RESPONSE 200
[debug] [2018-06-28T14:53:04.297Z] >>> HTTP REQUEST GET https://cloudresourcemanager.googleapis.com/v1/projects/agilesapp-bf9e7  
  
 Thu Jun 28 2018 11:53:04 GMT-0300 (Hora estándar de Argentina)
[debug] [2018-06-28T14:53:05.695Z] <<< HTTP RESPONSE 200
[info] 
[info] === Serving from 'C:\nodejs\node_modules\app'...
[info] 
[info] i  functions: Preparing to emulate functions.
[debug] [2018-06-28T14:53:08.295Z] Fetching environment
[debug] [2018-06-28T14:53:08.307Z] >>> HTTP REQUEST GET https://mobilesdk-pa.googleapis.com/v1/projects/799460737214:getServerAppConfig  
  
 Thu Jun 28 2018 11:53:08 GMT-0300 (Hora estándar de Argentina)
[debug] [2018-06-28T14:53:08.309Z] >>> HTTP REQUEST GET https://mobilesdk-pa.googleapis.com/v1/projects/799460737214/clients/_:getWebAppConfig  
  
 Thu Jun 28 2018 11:53:08 GMT-0300 (Hora estándar de Argentina)
[debug] [2018-06-28T14:53:08.905Z] <<< HTTP RESPONSE 200
[info] i  hosting: Serving hosting files from: public
[info] +  hosting: Local server: http://localhost:5000

[debug] [2018-06-28T14:53:08.976Z] <<< HTTP RESPONSE 200
[debug] [2018-06-28T14:53:08.976Z] Starting @google-cloud/functions-emulator
[debug] [2018-06-28T14:53:13.144Z] Parsing function triggers
[info] +  functions: app: http://localhost:5001/agilesapp-bf9e7/us-central1/app
[info] [hosting] Rewriting /shop to local function app
[debug] [2018-06-28T15:14:29.449Z] ----------------------------------------------------------------------
[debug] [2018-06-28T15:14:29.462Z] Command:       C:\nodejs\node.exe C:\Users\Usuario\AppData\Roaming\npm\node_modules\firebase-tools\bin\firebase serve --only functions,hosting
[debug] [2018-06-28T15:14:29.464Z] CLI Version:   3.18.6
[debug] [2018-06-28T15:14:29.464Z] Platform:      win32
[debug] [2018-06-28T15:14:29.465Z] Node Version:  v8.11.2
[debug] [2018-06-28T15:14:29.468Z] Time:          Thu Jun 28 2018 12:14:29 GMT-0300 (Hora estándar de Argentina)
[debug] [2018-06-28T15:14:29.469Z] ----------------------------------------------------------------------
[debug] 
[debug] [2018-06-28T15:14:29.570Z] > command requires scopes: ["email","openid","https://www.googleapis.com/auth/cloudplatformprojects.readonly","https://www.googleapis.com/auth/firebase","https://www.googleapis.com/auth/cloud-platform"]
[debug] [2018-06-28T15:14:29.572Z] > authorizing via signed-in user
[debug] [2018-06-28T15:14:29.582Z] >>> HTTP REQUEST GET https://admin.firebase.com/v1/projects/agilesapp-bf9e7  
  
 Thu Jun 28 2018 12:14:29 GMT-0300 (Hora estándar de Argentina)
[debug] [2018-06-28T15:14:31.084Z] <<< HTTP RESPONSE 200
[debug] [2018-06-28T15:14:31.086Z] >>> HTTP REQUEST GET https://admin.firebase.com/v1/database/agilesapp-bf9e7/tokens  
  
 Thu Jun 28 2018 12:14:31 GMT-0300 (Hora estándar de Argentina)
[debug] [2018-06-28T15:14:31.939Z] <<< HTTP RESPONSE 200
[debug] [2018-06-28T15:14:31.942Z] >>> HTTP REQUEST GET https://cloudresourcemanager.googleapis.com/v1/projects/agilesapp-bf9e7  
  
 Thu Jun 28 2018 12:14:31 GMT-0300 (Hora estándar de Argentina)
[debug] [2018-06-28T15:14:33.183Z] <<< HTTP RESPONSE 200
[info] 
[info] === Serving from 'C:\nodejs\node_modules\app'...
[info] 
[info] i  functions: Preparing to emulate functions.
[debug] [2018-06-28T15:14:44.808Z] Fetching environment
[debug] [2018-06-28T15:14:44.825Z] >>> HTTP REQUEST GET https://mobilesdk-pa.googleapis.com/v1/projects/799460737214:getServerAppConfig  
  
 Thu Jun 28 2018 12:14:44 GMT-0300 (Hora estándar de Argentina)
[debug] [2018-06-28T15:14:44.827Z] >>> HTTP REQUEST GET https://mobilesdk-pa.googleapis.com/v1/projects/799460737214/clients/_:getWebAppConfig  
  
 Thu Jun 28 2018 12:14:44 GMT-0300 (Hora estándar de Argentina)
[debug] [2018-06-28T15:14:45.458Z] <<< HTTP RESPONSE 200
[debug] [2018-06-28T15:14:45.460Z] Starting @google-cloud/functions-emulator
[debug] [2018-06-28T15:14:45.632Z] <<< HTTP RESPONSE 200
[info] i  hosting: Serving hosting files from: public
[info] +  hosting: Local server: http://localhost:5000

[debug] [2018-06-28T15:14:51.033Z] Parsing function triggers
[info] +  functions: app: http://localhost:5001/agilesapp-bf9e7/us-central1/app
[info] [hosting] Rewriting /shop to local function app
